# JRE version: OpenJDK Runtime Environment (17.0.9) (build 17.0.9+0--11185874)
# Java VM: OpenJDK 64-Bit Server VM (17.0.9+0--11185874, mixed mode, tiered, compressed oops, compressed class ptrs, g1 gc, windows-amd64)
GC Precious Log:
 CPUs: 4 total, 4 available
 Memory: 3900M
 Large Page Support: Disabled
 NUMA Support: Disabled
 Compressed Oops: Enabled (32-bit)
 Heap Region Size: 1M
 Heap Min Capacity: 8M
 Heap Initial Capacity: 62M
 Heap Max Capacity: 2G
 Pre-touch: Disabled
 Parallel Workers: 4
 Concurrent Workers: 1
 Concurrent Refinement Workers: 4
 Periodic GC: Disabled
Heap:
 garbage-first heap   total 447488K, used 143429K [0x0000000080000000, 0x0000000100000000)
  region size 1024K, 3 young (3072K), 3 survivors (3072K)
 Metaspace       used 139479K, committed 140928K, reserved 1179648K
  class space    used 18904K, committed 19584K, reserved 1048576K
GC Heap History (20 events):
Event: 2185.956 GC heap after
{Heap after GC invocations=100 (full 0):
 garbage-first heap   total 447488K, used 152433K [0x0000000080000000, 0x0000000100000000)
  region size 1024K, 2 young (2048K), 2 survivors (2048K)
 Metaspace       used 137552K, committed 138816K, reserved 1179648K
  class space    used 18635K, committed 19264K, reserved 1048576K
}
Event: 2190.505 GC heap before
{Heap before GC invocations=100 (full 0):
 garbage-first heap   total 447488K, used 213873K [0x0000000080000000, 0x0000000100000000)
  region size 1024K, 64 young (65536K), 2 survivors (2048K)
 Metaspace       used 137590K, committed 138816K, reserved 1179648K
  class space    used 18635K, committed 19264K, reserved 1048576K
}
Event: 2190.510 GC heap after
{Heap after GC invocations=101 (full 0):
 garbage-first heap   total 447488K, used 151804K [0x0000000080000000, 0x0000000100000000)
  region size 1024K, 1 young (1024K), 1 survivors (1024K)
 Metaspace       used 137590K, committed 138816K, reserved 1179648K
  class space    used 18635K, committed 19264K, reserved 1048576K
}
Event: 2313.896 GC heap before
{Heap before GC invocations=102 (full 0):
 garbage-first heap   total 447488K, used 334076K [0x0000000080000000, 0x0000000100000000)
  region size 1024K, 170 young (174080K), 1 survivors (1024K)
 Metaspace       used 137768K, committed 138880K, reserved 1179648K
  class space    used 18638K, committed 19264K, reserved 1048576K
}
Event: 2314.001 GC heap after
{Heap after GC invocations=103 (full 0):
 garbage-first heap   total 447488K, used 150828K [0x0000000080000000, 0x0000000100000000)
  region size 1024K, 6 young (6144K), 6 survivors (6144K)
 Metaspace       used 137768K, committed 138880K, reserved 1179648K
  class space    used 18638K, committed 19264K, reserved 1048576K
}
Event: 2314.627 GC heap before
{Heap before GC invocations=103 (full 0):
 garbage-first heap   total 447488K, used 165164K [0x0000000080000000, 0x0000000100000000)
  region size 1024K, 21 young (21504K), 6 survivors (6144K)
 Metaspace       used 137860K, committed 139008K, reserved 1179648K
  class space    used 18638K, committed 19264K, reserved 1048576K
}
Event: 2314.812 GC heap after
{Heap after GC invocations=104 (full 0):
 garbage-first heap   total 447488K, used 133040K [0x0000000080000000, 0x0000000100000000)
  region size 1024K, 3 young (3072K), 3 survivors (3072K)
 Metaspace       used 137860K, committed 139008K, reserved 1179648K
  class space    used 18638K, committed 19264K, reserved 1048576K
}
Event: 2314.957 GC heap before
{Heap before GC invocations=104 (full 0):
 garbage-first heap   total 447488K, used 137136K [0x0000000080000000, 0x0000000100000000)
  region size 1024K, 8 young (8192K), 3 survivors (3072K)
 Metaspace       used 137876K, committed 139008K, reserved 1179648K
  class space    used 18638K, committed 19264K, reserved 1048576K
}
Event: 2314.970 GC heap after
{Heap after GC invocations=105 (full 0):
 garbage-first heap   total 447488K, used 133265K [0x0000000080000000, 0x0000000100000000)
  region size 1024K, 3 young (3072K), 3 survivors (3072K)
 Metaspace       used 137876K, committed 139008K, reserved 1179648K
  class space    used 18638K, committed 19264K, reserved 1048576K
}
Event: 2333.885 GC heap before
{Heap before GC invocations=106 (full 0):
 garbage-first heap   total 447488K, used 356497K [0x0000000080000000, 0x0000000100000000)
  region size 1024K, 202 young (206848K), 3 survivors (3072K)
 Metaspace       used 138030K, committed 139200K, reserved 1179648K
  class space    used 18639K, committed 19264K, reserved 1048576K
}
Event: 2334.136 GC heap after
{Heap after GC invocations=107 (full 0):
 garbage-first heap   total 447488K, used 143440K [0x0000000080000000, 0x0000000100000000)
  region size 1024K, 14 young (14336K), 14 survivors (14336K)
 Metaspace       used 138030K, committed 139200K, reserved 1179648K
  class space    used 18639K, committed 19264K, reserved 1048576K
}
Event: 2334.185 GC heap before
{Heap before GC invocations=107 (full 0):
 garbage-first heap   total 447488K, used 150608K [0x0000000080000000, 0x0000000100000000)
  region size 1024K, 21 young (21504K), 14 survivors (14336K)
 Metaspace       used 138030K, committed 139200K, reserved 1179648K
  class space    used 18639K, committed 19264K, reserved 1048576K
}
Event: 2334.256 GC heap after
{Heap after GC invocations=108 (full 0):
 garbage-first heap   total 447488K, used 135886K [0x0000000080000000, 0x0000000100000000)
  region size 1024K, 3 young (3072K), 3 survivors (3072K)
 Metaspace       used 138030K, committed 139200K, reserved 1179648K
  class space    used 18639K, committed 19264K, reserved 1048576K
}
Event: 2334.750 GC heap before
{Heap before GC invocations=108 (full 0):
 garbage-first heap   total 447488K, used 173774K [0x0000000080000000, 0x0000000100000000)
  region size 1024K, 41 young (41984K), 3 survivors (3072K)
 Metaspace       used 138035K, committed 139200K, reserved 1179648K
  class space    used 18639K, committed 19264K, reserved 1048576K
}
Event: 2334.776 GC heap after
{Heap after GC invocations=109 (full 0):
 garbage-first heap   total 447488K, used 134990K [0x0000000080000000, 0x0000000100000000)
  region size 1024K, 3 young (3072K), 3 survivors (3072K)
 Metaspace       used 138035K, committed 139200K, reserved 1179648K
  class space    used 18639K, committed 19264K, reserved 1048576K
}
Event: 2519.765 GC heap before
{Heap before GC invocations=110 (full 0):
 garbage-first heap   total 447488K, used 389966K [0x0000000080000000, 0x0000000100000000)
  region size 1024K, 220 young (225280K), 3 survivors (3072K)
 Metaspace       used 138955K, committed 140288K, reserved 1179648K
  class space    used 18793K, committed 19392K, reserved 1048576K
}
Event: 2520.112 GC heap after
{Heap after GC invocations=111 (full 0):
 garbage-first heap   total 447488K, used 145426K [0x0000000080000000, 0x0000000100000000)
  region size 1024K, 13 young (13312K), 13 survivors (13312K)
 Metaspace       used 138955K, committed 140288K, reserved 1179648K
  class space    used 18793K, committed 19392K, reserved 1048576K
}
Event: 2520.393 GC heap before
{Heap before GC invocations=111 (full 0):
 garbage-first heap   total 447488K, used 152594K [0x0000000080000000, 0x0000000100000000)
  region size 1024K, 21 young (21504K), 13 survivors (13312K)
 Metaspace       used 138955K, committed 140288K, reserved 1179648K
  class space    used 18793K, committed 19392K, reserved 1048576K
}
Event: 2520.702 GC heap after
{Heap after GC invocations=112 (full 0):
 garbage-first heap   total 447488K, used 142222K [0x0000000080000000, 0x0000000100000000)
  region size 1024K, 1 young (1024K), 1 survivors (1024K)
 Metaspace       used 138955K, committed 140288K, reserved 1179648K
  class space    used 18793K, committed 19392K, reserved 1048576K
}
Event: 2535.697 GC heap before
{Heap before GC invocations=112 (full 0):
 garbage-first heap   total 447488K, used 196494K [0x0000000080000000, 0x0000000100000000)
  region size 1024K, 56 young (57344K), 1 survivors (1024K)
 Metaspace       used 139479K, committed 140928K, reserved 1179648K
  class space    used 18904K, committed 19584K, reserved 1048576K
}

