# JRE version: OpenJDK Runtime Environment (17.0.9) (build 17.0.9+0--11185874)
# Java VM: OpenJDK 64-Bit Server VM (17.0.9+0--11185874, mixed mode, tiered, compressed oops, compressed class ptrs, g1 gc, windows-amd64)
GC Precious Log:
 CPUs: 4 total, 4 available
 Memory: 3900M
 Large Page Support: Disabled
 NUMA Support: Disabled
 Compressed Oops: Enabled (32-bit)
 Heap Region Size: 1M
 Heap Min Capacity: 8M
 Heap Initial Capacity: 62M
 Heap Max Capacity: 2G
 Pre-touch: Disabled
 Parallel Workers: 4
 Concurrent Workers: 1
 Concurrent Refinement Workers: 4
 Periodic GC: Disabled
Heap:
 garbage-first heap   total 473088K, used 161117K [0x0000000080000000, 0x0000000100000000)
  region size 1024K, 30 young (30720K), 7 survivors (7168K)
 Metaspace       used 116505K, committed 117440K, reserved 1179648K
  class space    used 15859K, committed 16320K, reserved 1048576K
GC Heap History (20 events):
Event: 34.254 GC heap before
{Heap before GC invocations=50 (full 0):
 garbage-first heap   total 156672K, used 129302K [0x0000000080000000, 0x0000000100000000)
  region size 1024K, 50 young (51200K), 4 survivors (4096K)
 Metaspace       used 90578K, committed 91328K, reserved 1179648K
  class space    used 12570K, committed 12928K, reserved 1048576K
}
Event: 34.265 GC heap after
{Heap after GC invocations=51 (full 0):
 garbage-first heap   total 156672K, used 84818K [0x0000000080000000, 0x0000000100000000)
  region size 1024K, 7 young (7168K), 7 survivors (7168K)
 Metaspace       used 90578K, committed 91328K, reserved 1179648K
  class space    used 12570K, committed 12928K, reserved 1048576K
}
Event: 35.431 GC heap before
{Heap before GC invocations=51 (full 0):
 garbage-first heap   total 156672K, used 129874K [0x0000000080000000, 0x0000000100000000)
  region size 1024K, 51 young (52224K), 7 survivors (7168K)
 Metaspace       used 93878K, committed 94592K, reserved 1179648K
  class space    used 13102K, committed 13440K, reserved 1048576K
}
Event: 35.452 GC heap after
{Heap after GC invocations=52 (full 0):
 garbage-first heap   total 156672K, used 86919K [0x0000000080000000, 0x0000000100000000)
  region size 1024K, 5 young (5120K), 5 survivors (5120K)
 Metaspace       used 93878K, committed 94592K, reserved 1179648K
  class space    used 13102K, committed 13440K, reserved 1048576K
}
Event: 36.555 GC heap before
{Heap before GC invocations=52 (full 0):
 garbage-first heap   total 156672K, used 130951K [0x0000000080000000, 0x0000000100000000)
  region size 1024K, 48 young (49152K), 5 survivors (5120K)
 Metaspace       used 97462K, committed 98176K, reserved 1179648K
  class space    used 13554K, committed 13888K, reserved 1048576K
}
Event: 36.567 GC heap after
{Heap after GC invocations=53 (full 0):
 garbage-first heap   total 156672K, used 90017K [0x0000000080000000, 0x0000000100000000)
  region size 1024K, 6 young (6144K), 6 survivors (6144K)
 Metaspace       used 97462K, committed 98176K, reserved 1179648K
  class space    used 13554K, committed 13888K, reserved 1048576K
}
Event: 39.413 GC heap before
{Heap before GC invocations=53 (full 0):
 garbage-first heap   total 156672K, used 129953K [0x0000000080000000, 0x0000000100000000)
  region size 1024K, 46 young (47104K), 6 survivors (6144K)
 Metaspace       used 99438K, committed 100224K, reserved 1179648K
  class space    used 13893K, committed 14272K, reserved 1048576K
}
Event: 39.438 GC heap after
{Heap after GC invocations=54 (full 0):
 garbage-first heap   total 156672K, used 93420K [0x0000000080000000, 0x0000000100000000)
  region size 1024K, 6 young (6144K), 6 survivors (6144K)
 Metaspace       used 99438K, committed 100224K, reserved 1179648K
  class space    used 13893K, committed 14272K, reserved 1048576K
}
Event: 41.065 GC heap before
{Heap before GC invocations=54 (full 0):
 garbage-first heap   total 156672K, used 136428K [0x0000000080000000, 0x0000000100000000)
  region size 1024K, 42 young (43008K), 6 survivors (6144K)
 Metaspace       used 101655K, committed 102464K, reserved 1179648K
  class space    used 14077K, committed 14464K, reserved 1048576K
}
Event: 41.086 GC heap after
{Heap after GC invocations=55 (full 0):
 garbage-first heap   total 156672K, used 98657K [0x0000000080000000, 0x0000000100000000)
  region size 1024K, 3 young (3072K), 3 survivors (3072K)
 Metaspace       used 101655K, committed 102464K, reserved 1179648K
  class space    used 14077K, committed 14464K, reserved 1048576K
}
Event: 41.791 GC heap before
{Heap before GC invocations=55 (full 0):
 garbage-first heap   total 156672K, used 130401K [0x0000000080000000, 0x0000000100000000)
  region size 1024K, 35 young (35840K), 3 survivors (3072K)
 Metaspace       used 102855K, committed 103616K, reserved 1179648K
  class space    used 14219K, committed 14592K, reserved 1048576K
}
Event: 41.819 GC heap after
{Heap after GC invocations=56 (full 0):
 garbage-first heap   total 156672K, used 112633K [0x0000000080000000, 0x0000000100000000)
  region size 1024K, 5 young (5120K), 5 survivors (5120K)
 Metaspace       used 102855K, committed 103616K, reserved 1179648K
  class space    used 14219K, committed 14592K, reserved 1048576K
}
Event: 42.440 GC heap before
{Heap before GC invocations=56 (full 0):
 garbage-first heap   total 206848K, used 124921K [0x0000000080000000, 0x0000000100000000)
  region size 1024K, 18 young (18432K), 5 survivors (5120K)
 Metaspace       used 103142K, committed 104000K, reserved 1179648K
  class space    used 14242K, committed 14656K, reserved 1048576K
}
Event: 42.458 GC heap after
{Heap after GC invocations=57 (full 0):
 garbage-first heap   total 473088K, used 119296K [0x0000000080000000, 0x0000000100000000)
  region size 1024K, 3 young (3072K), 3 survivors (3072K)
 Metaspace       used 103142K, committed 104000K, reserved 1179648K
  class space    used 14242K, committed 14656K, reserved 1048576K
}
Event: 51.789 GC heap before
{Heap before GC invocations=58 (full 0):
 garbage-first heap   total 473088K, used 286208K [0x0000000080000000, 0x0000000100000000)
  region size 1024K, 150 young (153600K), 3 survivors (3072K)
 Metaspace       used 107606K, committed 108480K, reserved 1179648K
  class space    used 14716K, committed 15168K, reserved 1048576K
}
Event: 51.895 GC heap after
{Heap after GC invocations=59 (full 0):
 garbage-first heap   total 473088K, used 133478K [0x0000000080000000, 0x0000000100000000)
  region size 1024K, 17 young (17408K), 17 survivors (17408K)
 Metaspace       used 107606K, committed 108480K, reserved 1179648K
  class space    used 14716K, committed 15168K, reserved 1048576K
}
Event: 52.049 GC heap before
{Heap before GC invocations=59 (full 0):
 garbage-first heap   total 473088K, used 138598K [0x0000000080000000, 0x0000000100000000)
  region size 1024K, 23 young (23552K), 17 survivors (17408K)
 Metaspace       used 107622K, committed 108544K, reserved 1179648K
  class space    used 14718K, committed 15168K, reserved 1048576K
}
Event: 52.145 GC heap after
{Heap after GC invocations=60 (full 0):
 garbage-first heap   total 473088K, used 135814K [0x0000000080000000, 0x0000000100000000)
  region size 1024K, 3 young (3072K), 3 survivors (3072K)
 Metaspace       used 107622K, committed 108544K, reserved 1179648K
  class space    used 14718K, committed 15168K, reserved 1048576K
}
Event: 67.637 GC heap before
{Heap before GC invocations=60 (full 0):
 garbage-first heap   total 473088K, used 307846K [0x0000000080000000, 0x0000000100000000)
  region size 1024K, 170 young (174080K), 3 survivors (3072K)
 Metaspace       used 114249K, committed 115200K, reserved 1179648K
  class space    used 15552K, committed 16000K, reserved 1048576K
}
Event: 67.777 GC heap after
{Heap after GC invocations=61 (full 0):
 garbage-first heap   total 473088K, used 139613K [0x0000000080000000, 0x0000000100000000)
  region size 1024K, 7 young (7168K), 7 survivors (7168K)
 Metaspace       used 114249K, committed 115200K, reserved 1179648K
  class space    used 15552K, committed 16000K, reserved 1048576K
}

